Build started 10/22/2015 4:10:48 PM.
     1>Project "C:\Users\Ketul\Desktop\hw3\student app\student app\student app.vcxproj" on node 2 (Build target(s)).
     1>ClCompile:
         C:\Program Files\Microsoft Visual Studio 14.0\VC\bin\CL.exe /c /ZI /nologo /W3 /WX- /sdl /Od /Oy- /D WIN32 /D _DEBUG /D _CONSOLE /D _UNICODE /D UNICODE /Gm /EHsc /RTC1 /MDd /GS /fp:precise /Zc:wchar_t /Zc:forScope /Zc:inline /Fo"Debug\\" /Fd"Debug\vc140.pdb" /Gd /TP /analyze- /errorReport:prompt "student app.cpp" student.cpp
         student.cpp
     1>c:\users\ketul\desktop\hw3\student app\student app\student.cpp(109): warning C4930: 'Student s(int,std::string,double,char,char)': prototyped function not called (was a variable definition intended?)
     1>c:\users\ketul\desktop\hw3\student app\student app\student.cpp(189): warning C4930: 'Student s(int,std::string,double,char,char)': prototyped function not called (was a variable definition intended?)
         student app.cpp
     1>c:\users\ketul\desktop\hw3\student app\student app\student app.cpp(42): warning C4129: 'M': unrecognized character escape sequence
     1>c:\users\ketul\desktop\hw3\student app\student app\student app.cpp(48): warning C4129: 'M': unrecognized character escape sequence
     1>c:\users\ketul\desktop\hw3\student app\student app\student app.cpp(54): warning C4129: 'M': unrecognized character escape sequence
         Generating Code...
       Link:
         C:\Program Files\Microsoft Visual Studio 14.0\VC\bin\link.exe /ERRORREPORT:PROMPT /OUT:"C:\Users\Ketul\Desktop\hw3\student app\Debug\student app.exe" /INCREMENTAL /NOLOGO kernel32.lib user32.lib gdi32.lib winspool.lib comdlg32.lib advapi32.lib shell32.lib ole32.lib oleaut32.lib uuid.lib odbc32.lib odbccp32.lib /MANIFEST /MANIFESTUAC:"level='asInvoker' uiAccess='false'" /manifest:embed /Debug /PDB:"C:\Users\Ketul\Desktop\hw3\student app\Debug\student app.pdb" /SUBSYSTEM:CONSOLE /TLBID:1 /DYNAMICBASE /NXCOMPAT /IMPLIB:"C:\Users\Ketul\Desktop\hw3\student app\Debug\student app.lib" /MACHINE:X86 Debug\stdafx.obj
         "Debug\student app.obj"
         Debug\student.obj
         student app.vcxproj -> C:\Users\Ketul\Desktop\hw3\student app\Debug\student app.exe
     1>Done Building Project "C:\Users\Ketul\Desktop\hw3\student app\student app\student app.vcxproj" (Build target(s)).

Build succeeded.

Time Elapsed 00:00:03.14
